<?xml version="1.0" encoding="UTF-8"?>
<testsuite xmlns:xsi="http://www.w3.org/2001/XMLSchema-instance" xsi:noNamespaceSchemaLocation="https://maven.apache.org/surefire/maven-surefire-plugin/xsd/surefire-test-report.xsd" name="com.twa.flights.api.pricing.configuration.SwaggerConfigurationTest" time="0.95" tests="2" errors="0" skipped="0" failures="0">
  <properties>
[...]
</properties>
  <testcase name="should_return_information_of_default_api" classname="com.twa.flights.api.pricing.configuration.SwaggerConfigurationTest" time="0.913"/>
  <testcase name="should_return_information_of_openapi" classname="com.twa.flights.api.pricing.configuration.SwaggerConfigurationTest" time="0.019"/>
</testsuite>