<?xml version="1.0" encoding="UTF-8"?>
<testsuite xmlns:xsi="http://www.w3.org/2001/XMLSchema-instance" xsi:noNamespaceSchemaLocation="https://maven.apache.org/surefire/maven-failsafe-plugin/xsd/failsafe-test-report.xsd" name="AppIT" time="13.568" tests="1" errors="0" skipped="0" failures="1">
  <properties>
[...]
</properties>
  <testcase name="runAllTests[1][1]" classname="AppIT" time="1.359">
    <failure message="status code was: 404, expected: 200, response time in milliseconds: 102, url: http://127.0.0.1:58416/api/flights/itineraries-search/city/BUE, response: &#10;&lt;html&gt;&#10;&lt;head&gt;&#10;&lt;meta http-equiv=&quot;Content-Type&quot; content=&quot;text/html;charset=utf-8&quot;/&gt;&#10;&lt;title&gt;Error 404 Not Found&lt;/title&gt;&#10;&lt;/head&gt;&#10;&lt;body&gt;&lt;h2&gt;HTTP ERROR 404 Not Found&lt;/h2&gt;&#10;&lt;table&gt;&#10;&lt;tr&gt;&lt;th&gt;URI:&lt;/th&gt;&lt;td&gt;/api/flights/itineraries-search/city/BUE&lt;/td&gt;&lt;/tr&gt;&#10;&lt;tr&gt;&lt;th&gt;STATUS:&lt;/th&gt;&lt;td&gt;404&lt;/td&gt;&lt;/tr&gt;&#10;&lt;tr&gt;&lt;th&gt;MESSAGE:&lt;/th&gt;&lt;td&gt;Not Found&lt;/td&gt;&lt;/tr&gt;&#10;&lt;tr&gt;&lt;th&gt;SERVLET:&lt;/th&gt;&lt;td&gt;-&lt;/td&gt;&lt;/tr&gt;&#10;&lt;/table&gt;&#10;&#10;&lt;/body&gt;&#10;&lt;/html&gt;&#10;&#10;classpath:cities/city.feature:11" type="org.opentest4j.AssertionFailedError"><![CDATA[org.opentest4j.AssertionFailedError: 
status code was: 404, expected: 200, response time in milliseconds: 102, url: http://127.0.0.1:58416/api/flights/itineraries-search/city/BUE, response: 
<html>
<head>
<meta http-equiv="Content-Type" content="text/html;charset=utf-8"/>
<title>Error 404 Not Found</title>
</head>
<body><h2>HTTP ERROR 404 Not Found</h2>
<table>
<tr><th>URI:</th><td>/api/flights/itineraries-search/city/BUE</td></tr>
<tr><th>STATUS:</th><td>404</td></tr>
<tr><th>MESSAGE:</th><td>Not Found</td></tr>
<tr><th>SERVLET:</th><td>-</td></tr>
</table>

</body>
</html>

classpath:cities/city.feature:11
]]></failure>
    <system-out><![CDATA[
  .   ____          _            __ _ _
 /\\ / ___'_ __ _ _(_)_ __  __ _ \ \ \ \
( ( )\___ | '_ | '_| | '_ \/ _` | \ \ \ \
 \\/  ___)| |_)| | | | | || (_| |  ) ) ) )
  '  |____| .__|_| |_|_| |_\__, | / / / /
 =========|_|==============|___/=/_/_/_/
 :: Spring Boot ::               (v2.4.10)

2021-10-16 14:51:32.509  INFO 67237 --- [           main] o.a.maven.surefire.booter.ForkedBooter   : Starting ForkedBooter v2.22.0 using Java 11.0.11 on MacBook-Pro.local with PID 67237 (started by mkumar in /Users/mkumar/Projects/manning/api-testing/api-catalog)
2021-10-16 14:51:32.518  INFO 67237 --- [           main] o.a.maven.surefire.booter.ForkedBooter   : The following profiles are active: default
2021-10-16 14:51:33.993  INFO 67237 --- [           main] .s.d.r.c.RepositoryConfigurationDelegate : Bootstrapping Spring Data JPA repositories in DEFAULT mode.
2021-10-16 14:51:34.075  INFO 67237 --- [           main] .s.d.r.c.RepositoryConfigurationDelegate : Finished Spring Data repository scanning in 70 ms. Found 1 JPA repository interfaces.
2021-10-16 14:51:34.626  INFO 67237 --- [           main] org.eclipse.jetty.util.log               : Logging initialized @4360ms to org.eclipse.jetty.util.log.Slf4jLog
2021-10-16 14:51:34.874  INFO 67237 --- [           main] o.s.b.w.e.j.JettyServletWebServerFactory : Server initialized with port: 0
2021-10-16 14:51:34.880  INFO 67237 --- [           main] org.eclipse.jetty.server.Server          : jetty-9.4.43.v20210629; built: 2021-06-30T11:07:22.254Z; git: 526006ecfa3af7f1a27ef3a288e2bef7ea9dd7e8; jvm 11.0.11+9
2021-10-16 14:51:34.935  INFO 67237 --- [           main] o.e.j.s.h.ContextHandler.application     : Initializing Spring embedded WebApplicationContext
2021-10-16 14:51:34.935  INFO 67237 --- [           main] w.s.c.ServletWebServerApplicationContext : Root WebApplicationContext: initialization completed in 2349 ms
2021-10-16 14:51:35.307  INFO 67237 --- [           main] org.eclipse.jetty.server.session         : DefaultSessionIdManager workerName=node0
2021-10-16 14:51:35.307  INFO 67237 --- [           main] org.eclipse.jetty.server.session         : No SessionScavenger set, using defaults
2021-10-16 14:51:35.309  INFO 67237 --- [           main] org.eclipse.jetty.server.session         : node0 Scavenging every 600000ms
2021-10-16 14:51:35.321  INFO 67237 --- [           main] o.e.jetty.server.handler.ContextHandler  : Started o.s.b.w.e.j.JettyEmbeddedWebAppContext@25b78608{application,/api/flights/catalog,[file:///private/var/folders/0s/mvbktln14qx6846m9g39thww0000gp/T/jetty-docbase.0.18071685794966328305/, jar:file:/Users/mkumar/.m2/repository/org/webjars/swagger-ui/3.47.1/swagger-ui-3.47.1.jar!/META-INF/resources],AVAILABLE}
2021-10-16 14:51:35.322  INFO 67237 --- [           main] org.eclipse.jetty.server.Server          : Started @5058ms
2021-10-16 14:51:35.487  INFO 67237 --- [           main] o.f.c.internal.license.VersionPrinter    : Flyway Community Edition 7.1.1 by Redgate
2021-10-16 14:51:35.496  INFO 67237 --- [           main] com.zaxxer.hikari.HikariDataSource       : HikariPool-1 - Starting...
2021-10-16 14:51:36.105  INFO 67237 --- [           main] com.zaxxer.hikari.HikariDataSource       : HikariPool-1 - Start completed.
2021-10-16 14:51:36.222  INFO 67237 --- [           main] o.f.c.i.database.base.DatabaseType       : Database: jdbc:mysql://localhost:58403/flights_catalog (MySQL 5.7)
2021-10-16 14:51:36.335  INFO 67237 --- [           main] o.f.core.internal.command.DbValidate     : Successfully validated 2 migrations (execution time 00:00.059s)
2021-10-16 14:51:36.391  INFO 67237 --- [           main] o.f.c.i.s.JdbcTableSchemaHistory         : Creating Schema History table `flights_catalog`.`flyway_schema_history` ...
2021-10-16 14:51:36.500  INFO 67237 --- [           main] o.f.core.internal.command.DbMigrate      : Current version of schema `flights_catalog`: << Empty Schema >>
2021-10-16 14:51:36.519  INFO 67237 --- [           main] o.f.core.internal.command.DbMigrate      : Migrating schema `flights_catalog` to version "1.0 - create database"
2021-10-16 14:51:36.719  INFO 67237 --- [           main] o.f.core.internal.command.DbMigrate      : Migrating schema `flights_catalog` to version "1.1 - insert rows"
2021-10-16 14:51:37.264  INFO 67237 --- [           main] o.f.core.internal.command.DbMigrate      : Successfully applied 2 migrations to schema `flights_catalog` (execution time 00:00.791s)
2021-10-16 14:51:37.449  INFO 67237 --- [           main] o.hibernate.jpa.internal.util.LogHelper  : HHH000204: Processing PersistenceUnitInfo [name: default]
2021-10-16 14:51:37.516  INFO 67237 --- [           main] org.hibernate.Version                    : HHH000412: Hibernate ORM core version 5.4.32.Final
2021-10-16 14:51:37.732  INFO 67237 --- [           main] o.hibernate.annotations.common.Version   : HCANN000001: Hibernate Commons Annotations {5.1.2.Final}
2021-10-16 14:51:37.909  INFO 67237 --- [           main] org.hibernate.dialect.Dialect            : HHH000400: Using dialect: org.hibernate.dialect.MySQLDialect
2021-10-16 14:51:38.670  INFO 67237 --- [           main] o.h.e.t.j.p.i.JtaPlatformInitiator       : HHH000490: Using JtaPlatform implementation: [org.hibernate.engine.transaction.jta.platform.internal.NoJtaPlatform]
2021-10-16 14:51:38.683  INFO 67237 --- [           main] j.LocalContainerEntityManagerFactoryBean : Initialized JPA EntityManagerFactory for persistence unit 'default'
2021-10-16 14:51:39.350  WARN 67237 --- [           main] JpaBaseConfiguration$JpaWebConfiguration : spring.jpa.open-in-view is enabled by default. Therefore, database queries may be performed during view rendering. Explicitly configure spring.jpa.open-in-view to disable this warning
2021-10-16 14:51:40.931  INFO 67237 --- [           main] o.s.b.a.e.web.EndpointLinksResolver      : Exposing 14 endpoint(s) beneath base path ''
2021-10-16 14:51:40.980  INFO 67237 --- [           main] o.e.j.s.h.ContextHandler.application     : Initializing Spring DispatcherServlet 'dispatcherServlet'
2021-10-16 14:51:40.980  INFO 67237 --- [           main] o.s.web.servlet.DispatcherServlet        : Initializing Servlet 'dispatcherServlet'
2021-10-16 14:51:40.982  INFO 67237 --- [           main] o.s.web.servlet.DispatcherServlet        : Completed initialization in 2 ms
2021-10-16 14:51:41.011  INFO 67237 --- [           main] o.e.jetty.server.AbstractConnector       : Started ServerConnector@594eac33{HTTP/1.1, (http/1.1)}{0.0.0.0:58416}
2021-10-16 14:51:41.013  INFO 67237 --- [           main] o.s.b.web.embedded.jetty.JettyWebServer  : Jetty started on port(s) 58416 (http/1.1) with context path '/api/flights/catalog'
2021-10-16 14:51:41.028  INFO 67237 --- [           main] o.a.maven.surefire.booter.ForkedBooter   : Started ForkedBooter in 9.303 seconds (JVM running for 10.764)
2021-10-16 14:51:44.004 ERROR 67237 --- [           main] com.intuit.karate                        : classpath:cities/city.feature:11
Then status 200
status code was: 404, expected: 200, response time in milliseconds: 102, url: http://127.0.0.1:58416/api/flights/itineraries-search/city/BUE, response: 
<html>
<head>
<meta http-equiv="Content-Type" content="text/html;charset=utf-8"/>
<title>Error 404 Not Found</title>
</head>
<body><h2>HTTP ERROR 404 Not Found</h2>
<table>
<tr><th>URI:</th><td>/api/flights/itineraries-search/city/BUE</td></tr>
<tr><th>STATUS:</th><td>404</td></tr>
<tr><th>MESSAGE:</th><td>Not Found</td></tr>
<tr><th>SERVLET:</th><td>-</td></tr>
</table>

</body>
</html>

classpath:cities/city.feature:11
---------------------------------------------------------
feature: classpath:cities/city.feature
scenarios:  1 | passed:  0 | failed:  1 | time: 0.2912
---------------------------------------------------------

Karate version: 1.1.0
======================================================
elapsed:   3.33 | threads:    1 | thread time: 0.29 
features:     1 | skipped:    0 | efficiency: 0.09
scenarios:    1 | passed:     0 | failed: 1
======================================================
>>> failed features:
status code was: 404, expected: 200, response time in milliseconds: 102, url: http://127.0.0.1:58416/api/flights/itineraries-search/city/BUE, response: 
<html>
<head>
<meta http-equiv="Content-Type" content="text/html;charset=utf-8"/>
<title>Error 404 Not Found</title>
</head>
<body><h2>HTTP ERROR 404 Not Found</h2>
<table>
<tr><th>URI:</th><td>/api/flights/itineraries-search/city/BUE</td></tr>
<tr><th>STATUS:</th><td>404</td></tr>
<tr><th>MESSAGE:</th><td>Not Found</td></tr>
<tr><th>SERVLET:</th><td>-</td></tr>
</table>

</body>
</html>

classpath:cities/city.feature:11
<<<

HTML report: (paste into browser to view) | Karate version: 1.1.0
file:///Users/mkumar/Projects/manning/api-testing/api-catalog/target/karate-reports/karate-summary.html
===================================================================

]]></system-out>
  </testcase>
</testsuite>